<?xml version="1.0" encoding="UTF-8"?>
<!-- Generated by org.testng.reporters.JUnitXMLReporter -->
<testsuite ignored="0" hostname="DESKTOP-JMDL3JC" failures="0" tests="3" name="Test" time="22.704" errors="0" timestamp="2023-05-28T20:29:42 IST">
  <testcase classname="com.actitime.testscript.Project" name="DeleteProject" time="0.01"/>
  <testcase classname="com.actitime.testscript.Project" name="ModifyProject" time="0.003"/>
  <testcase classname="com.actitime.testscript.Project" name="creteProject" time="0.002"/>
</testsuite> <!-- Test -->
