<?xml version="1.0" encoding="UTF-8"?>
<testng-results ignored="0" total="3" passed="3" failed="0" skipped="0">
  <reporter-output>
    <line>
      <![CDATA[OpenBrowser]]>
    </line>
    <line>
      <![CDATA[Login]]>
    </line>
    <line>
      <![CDATA[DeleteProject]]>
    </line>
    <line>
      <![CDATA[Logout]]>
    </line>
    <line>
      <![CDATA[Login]]>
    </line>
    <line>
      <![CDATA[ModifyProject]]>
    </line>
    <line>
      <![CDATA[Logout]]>
    </line>
    <line>
      <![CDATA[Login]]>
    </line>
    <line>
      <![CDATA[creteProject]]>
    </line>
    <line>
      <![CDATA[Logout]]>
    </line>
    <line>
      <![CDATA[CloseBrowser]]>
    </line>
  </reporter-output>
  <suite started-at="2023-05-28T20:29:19 IST" name="Suite" finished-at="2023-05-28T20:29:41 IST" duration-ms="22704">
    <groups>
      <group name="regressiontest">
        <method signature="Project.DeleteProject()[pri:0, instance:com.actitime.testscript.Project@7722c3c3]" name="DeleteProject" class="com.actitime.testscript.Project"/>
        <method signature="Project.ModifyProject()[pri:0, instance:com.actitime.testscript.Project@7722c3c3]" name="ModifyProject" class="com.actitime.testscript.Project"/>
        <method signature="Project.creteProject()[pri:0, instance:com.actitime.testscript.Project@7722c3c3]" name="creteProject" class="com.actitime.testscript.Project"/>
      </group> <!-- regressiontest -->
      <group name="smoketest">
        <method signature="Project.DeleteProject()[pri:0, instance:com.actitime.testscript.Project@7722c3c3]" name="DeleteProject" class="com.actitime.testscript.Project"/>
        <method signature="Project.ModifyProject()[pri:0, instance:com.actitime.testscript.Project@7722c3c3]" name="ModifyProject" class="com.actitime.testscript.Project"/>
        <method signature="Project.creteProject()[pri:0, instance:com.actitime.testscript.Project@7722c3c3]" name="creteProject" class="com.actitime.testscript.Project"/>
      </group> <!-- smoketest -->
    </groups>
    <test started-at="2023-05-28T20:29:19 IST" name="Test" finished-at="2023-05-28T20:29:41 IST" duration-ms="22704">
      <class name="com.actitime.testscript.Project">
        <test-method is-config="true" signature="OpenBrowser()[pri:0, instance:com.actitime.testscript.Project@7722c3c3]" started-at="2023-05-28T20:29:19 IST" name="OpenBrowser" finished-at="2023-05-28T20:29:27 IST" duration-ms="8179" status="PASS">
          <reporter-output>
            <line>
              <![CDATA[OpenBrowser]]>
            </line>
          </reporter-output>
        </test-method> <!-- OpenBrowser -->
        <test-method is-config="true" signature="Login()[pri:0, instance:com.actitime.testscript.Project@7722c3c3]" started-at="2023-05-28T20:29:27 IST" name="Login" finished-at="2023-05-28T20:29:27 IST" duration-ms="230" status="PASS">
          <reporter-output>
            <line>
              <![CDATA[Login]]>
            </line>
          </reporter-output>
        </test-method> <!-- Login -->
        <test-method signature="DeleteProject()[pri:0, instance:com.actitime.testscript.Project@7722c3c3]" started-at="2023-05-28T20:29:27 IST" name="DeleteProject" finished-at="2023-05-28T20:29:27 IST" duration-ms="10" status="PASS">
          <reporter-output>
            <line>
              <![CDATA[DeleteProject]]>
            </line>
          </reporter-output>
        </test-method> <!-- DeleteProject -->
        <test-method is-config="true" signature="Logout()[pri:0, instance:com.actitime.testscript.Project@7722c3c3]" started-at="2023-05-28T20:29:27 IST" name="Logout" finished-at="2023-05-28T20:29:33 IST" duration-ms="5294" status="PASS">
          <reporter-output>
            <line>
              <![CDATA[Logout]]>
            </line>
          </reporter-output>
        </test-method> <!-- Logout -->
        <test-method is-config="true" signature="Login()[pri:0, instance:com.actitime.testscript.Project@7722c3c3]" started-at="2023-05-28T20:29:33 IST" name="Login" finished-at="2023-05-28T20:29:33 IST" duration-ms="357" status="PASS">
          <reporter-output>
            <line>
              <![CDATA[Login]]>
            </line>
          </reporter-output>
        </test-method> <!-- Login -->
        <test-method signature="ModifyProject()[pri:0, instance:com.actitime.testscript.Project@7722c3c3]" started-at="2023-05-28T20:29:33 IST" name="ModifyProject" finished-at="2023-05-28T20:29:33 IST" duration-ms="3" status="PASS">
          <reporter-output>
            <line>
              <![CDATA[ModifyProject]]>
            </line>
          </reporter-output>
        </test-method> <!-- ModifyProject -->
        <test-method is-config="true" signature="Logout()[pri:0, instance:com.actitime.testscript.Project@7722c3c3]" started-at="2023-05-28T20:29:33 IST" name="Logout" finished-at="2023-05-28T20:29:37 IST" duration-ms="4235" status="PASS">
          <reporter-output>
            <line>
              <![CDATA[Logout]]>
            </line>
          </reporter-output>
        </test-method> <!-- Logout -->
        <test-method is-config="true" signature="Login()[pri:0, instance:com.actitime.testscript.Project@7722c3c3]" started-at="2023-05-28T20:29:37 IST" name="Login" finished-at="2023-05-28T20:29:37 IST" duration-ms="154" status="PASS">
          <reporter-output>
            <line>
              <![CDATA[Login]]>
            </line>
          </reporter-output>
        </test-method> <!-- Login -->
        <test-method signature="creteProject()[pri:0, instance:com.actitime.testscript.Project@7722c3c3]" started-at="2023-05-28T20:29:37 IST" name="creteProject" finished-at="2023-05-28T20:29:37 IST" duration-ms="2" status="PASS">
          <reporter-output>
            <line>
              <![CDATA[creteProject]]>
            </line>
          </reporter-output>
        </test-method> <!-- creteProject -->
        <test-method is-config="true" signature="Logout()[pri:0, instance:com.actitime.testscript.Project@7722c3c3]" started-at="2023-05-28T20:29:37 IST" name="Logout" finished-at="2023-05-28T20:29:41 IST" duration-ms="4033" status="PASS">
          <reporter-output>
            <line>
              <![CDATA[Logout]]>
            </line>
          </reporter-output>
        </test-method> <!-- Logout -->
        <test-method is-config="true" signature="CloseBrowser()[pri:0, instance:com.actitime.testscript.Project@7722c3c3]" started-at="2023-05-28T20:29:41 IST" name="CloseBrowser" finished-at="2023-05-28T20:29:41 IST" duration-ms="135" status="PASS">
          <reporter-output>
            <line>
              <![CDATA[CloseBrowser]]>
            </line>
          </reporter-output>
        </test-method> <!-- CloseBrowser -->
      </class> <!-- com.actitime.testscript.Project -->
    </test> <!-- Test -->
  </suite> <!-- Suite -->
</testng-results>
